
2022-01-15 23:09:06 bot-main-exe Start with value define in command line
2022-01-15 23:09:06 bot-main-exe Send GET request getMe
2022-01-15 23:09:06 bot-main-exe The status code getMe was: 200
2022-01-15 23:09:06 bot-main-exe Ok check control default setupTelegramm
2022-01-15 23:09:06 bot-main-exe Send GET request getUpdates timeout 0
2022-01-15 23:09:06 bot-main-exe The status code getUpdate was: 200
2022-01-15 23:10:53 bot-main-exe Start with value define in command line
2022-01-15 23:10:53 bot-main-exe Send GET request getMe
2022-01-15 23:10:53 bot-main-exe The status code getMe was: 200
2022-01-15 23:10:53 bot-main-exe Ok check control default setupTelegramm
2022-01-15 23:10:53 bot-main-exe Send GET request getUpdates timeout 60
2022-01-15 23:10:53 bot-main-exe The status code getUpdate was: 200
2022-01-15 23:47:18 bot-main-exe Start with value define in command line
2022-01-15 23:47:18 bot-main-exe Send GET request getMe
2022-01-15 23:47:18 bot-main-exe The status code getMe was: 200
2022-01-15 23:47:18 bot-main-exe Ok check control default setupTelegramm
2022-01-15 23:47:18 bot-main-exe Send GET request getUpdates timeout 0
2022-01-15 23:47:18 bot-main-exe The status code getUpdate was: 200
2022-01-16 11:14:52 bot-main-exe Start with value define in command line
2022-01-16 11:14:52 bot-main-exe Send GET request getMe
2022-01-16 11:14:52 bot-main-exe The status code getMe was: 200
2022-01-16 11:14:52 bot-main-exe Ok check control default setupTelegramm
2022-01-16 11:14:52 bot-main-exe Send GET request getUpdates timeout 0
2022-01-16 11:14:52 bot-main-exe The status code getUpdate was: 200
2022-01-16 20:34:43 bot-main-exe Start with value define in command line
2022-01-16 20:34:43 bot-main-exe Send GET request getMe
2022-01-16 20:34:43 bot-main-exe The status code getMewas: 200
2022-01-16 20:34:43 bot-main-exe Ok decode body response Get getMe
2022-01-16 20:34:43 bot-main-exe Ok check control default setupTelegramm
2022-01-16 20:34:43 bot-main-exe Send GET request getUpdates timeout 0
2022-01-16 20:34:43 bot-main-exe The status code getUpdate was: 200
2022-01-16 20:39:12 bot-main-exe Start with value define in command line
2022-01-16 20:39:12 bot-main-exe Send GET request getMe
2022-01-16 20:39:12 bot-main-exe The status code getMe was: 200
2022-01-16 20:39:12 bot-main-exe Ok decode body response Get getMe
2022-01-16 20:39:12 bot-main-exe Send GET request getUpdates timeout 0
2022-01-16 20:39:12 bot-main-exe The status code getUpdate was: 200
2022-01-16 20:49:05 bot-main-exe Start with value define in command line
2022-01-16 20:49:06 bot-main-exe Send GET request getMe
2022-01-16 20:49:06 bot-main-exe The status code getMe was: 200
2022-01-16 20:49:06 bot-main-exe Ok decode body response Get getMe
2022-01-16 20:49:06 bot-main-exe Ok check control default setupTelegramm
2022-01-16 20:49:06 bot-main-exe Send GET request getUpdates
2022-01-16 20:49:06 bot-main-exe The status code getUpdates was: 200
2022-01-16 20:49:06 bot-main-exe Ok decode body response Get getUpdates